
    
<-<-<================================================================================>->->
    File generated by leekslazylogger v2.0.7 by eartharoid (http://leeks.js.org/logger)
    FunTickets | Log File
    Saturday, 20th February 2021, 15:21 pm (Asia/Riyadh) -->
    Node: v15.4.0 on 'Windows' | Time format: 'HH:mm:ss' | Date format: 'YYYY-MM-DD'
<-<-<================================================================================>->->


[15:21:21 | INFO] Using SQLite storage
[15:21:22 | INFO] > AnWR Bot Loaded debug event
[15:21:56 | INFO] > AnWR Bot Loaded error event
[15:21:56 | INFO] > AnWR Bot Loaded message event
[15:21:56 | INFO] > AnWR Bot Loaded messageDelete event
[15:21:56 | INFO] > AnWR Bot Loaded messageReactionAdd event
[15:21:57 | INFO] > AnWR Bot Loaded messageUpdate event
[15:21:57 | INFO] > AnWR Bot Loaded rateLimit event
[15:21:57 | INFO] > AnWR Bot Loaded ready event
[15:21:57 | INFO] > AnWR Bot Loaded warn event
[15:21:57 | INFO] > AnWR Bot Loaded $add command
[15:21:57 | INFO] > AnWR Bot Loaded $close command
[15:21:57 | INFO] > AnWR Bot Loaded $delete command
[15:21:57 | INFO] > AnWR Bot Loaded $getback command
[15:21:57 | INFO] > AnWR Bot Loaded $help command
[15:21:57 | INFO] > AnWR Bot Loaded $new command
[15:21:57 | INFO] > AnWR Bot Loaded $panel command
[15:21:57 | INFO] > AnWR Bot Loaded $remove command
[15:21:57 | INFO] > AnWR Bot Loaded $rename command
[15:21:57 | INFO] > AnWR Bot Loaded $stats command
[15:21:57 | INFO] > AnWR Bot Loaded $tickets command
[15:21:57 | INFO] > AnWR Bot Loaded $topic command
[15:21:57 | INFO] > AnWR Bot Loaded $transfer command
[15:21:57 | INFO] AnWR Bot Loaded 9 events and 13 commands
[15:21:59 | INFO] Authenticated & Connected as Fun#4898
[15:21:59 | INFO] 'ADMINISTRATOR' permission has been granted

    
<-<-<================================================================================>->->
    File generated by leekslazylogger v2.0.7 by eartharoid (http://leeks.js.org/logger)
    FunTickets | Log File
    Saturday, 20th February 2021, 15:28 pm (Asia/Riyadh) -->
    Node: v15.4.0 on 'Windows' | Time format: 'HH:mm:ss' | Date format: 'YYYY-MM-DD'
<-<-<================================================================================>->->


[15:28:50 | INFO] Using SQLite storage
[15:28:51 | INFO] > Lucifer Bot Loaded debug event
[15:28:51 | INFO] > Lucifer Bot Loaded error event
[15:28:51 | INFO] > Lucifer Bot Loaded message event
[15:28:51 | INFO] > Lucifer Bot Loaded messageDelete event
[15:28:51 | INFO] > Lucifer Bot Loaded messageReactionAdd event
[15:28:51 | INFO] > Lucifer Bot Loaded messageUpdate event
[15:28:51 | INFO] > Lucifer Bot Loaded rateLimit event
[15:28:51 | INFO] > Lucifer Bot Loaded ready event
[15:28:51 | INFO] > Lucifer Bot Loaded warn event
[15:28:51 | INFO] > Lucifer Bot Loaded $add command
[15:28:51 | INFO] > Lucifer Bot Loaded $close command
[15:28:51 | INFO] > Lucifer Bot Loaded $delete command
[15:28:51 | INFO] > Lucifer Bot Loaded $getback command
[15:28:51 | INFO] > Lucifer Bot Loaded $help command
[15:28:51 | INFO] > Lucifer Bot Loaded $new command
[15:28:51 | INFO] > Lucifer Bot Loaded $panel command
[15:28:51 | INFO] > Lucifer Bot Loaded $remove command
[15:28:51 | INFO] > Lucifer Bot Loaded $rename command
[15:28:51 | INFO] > Lucifer Bot Loaded $stats command
[15:28:51 | INFO] > Lucifer Bot Loaded $tickets command
[15:28:51 | INFO] > Lucifer Bot Loaded $topic command
[15:28:51 | INFO] > Lucifer Bot Loaded $transfer command
[15:28:51 | INFO] Lucifer Bot Loaded 9 events and 13 commands
[15:28:53 | INFO] Authenticated & Connected as Fun#4898
[15:28:53 | INFO] 'ADMINISTRATOR' permission has been granted

    
<-<-<================================================================================>->->
    File generated by leekslazylogger v2.0.7 by eartharoid (http://leeks.js.org/logger)
    FunTickets | Log File
    Saturday, 20th February 2021, 16:27 pm (Asia/Riyadh) -->
    Node: v15.4.0 on 'Windows' | Time format: 'HH:mm:ss' | Date format: 'YYYY-MM-DD'
<-<-<================================================================================>->->


[16:27:44 | INFO] Using SQLite storage
[16:27:46 | INFO] > Lucifer Bot Loaded debug event
[16:27:46 | INFO] > Lucifer Bot Loaded error event
[16:27:46 | INFO] > Lucifer Bot Loaded message event
[16:27:46 | INFO] > Lucifer Bot Loaded messageDelete event
[16:27:46 | INFO] > Lucifer Bot Loaded messageReactionAdd event
[16:27:46 | INFO] > Lucifer Bot Loaded messageUpdate event
[16:27:46 | INFO] > Lucifer Bot Loaded rateLimit event
[16:27:46 | INFO] > Lucifer Bot Loaded ready event
[16:27:46 | INFO] > Lucifer Bot Loaded warn event
[16:27:46 | INFO] > Lucifer Bot Loaded $add command
[16:27:46 | INFO] > Lucifer Bot Loaded $close command
[16:27:46 | INFO] > Lucifer Bot Loaded $delete command
[16:27:46 | INFO] > Lucifer Bot Loaded $getback command
[16:27:46 | INFO] > Lucifer Bot Loaded $help command
[16:27:46 | INFO] > Lucifer Bot Loaded $new command
[16:27:46 | INFO] > Lucifer Bot Loaded $panel command
[16:27:46 | INFO] > Lucifer Bot Loaded $remove command
[16:27:46 | INFO] > Lucifer Bot Loaded $rename command
[16:27:46 | INFO] > Lucifer Bot Loaded $stats command
[16:27:46 | INFO] > Lucifer Bot Loaded $tickets command
[16:27:46 | INFO] > Lucifer Bot Loaded $topic command
[16:27:46 | INFO] > Lucifer Bot Loaded $transfer command
[16:27:46 | INFO] Lucifer Bot Loaded 9 events and 13 commands
[16:27:50 | INFO] Authenticated & Connected as Fun#4898
[16:27:50 | INFO] 'ADMINISTRATOR' permission has been granted
[16:28:26 | INFO] !abo 3lwa#1111 used the 'help' command

    
<-<-<================================================================================>->->
    File generated by leekslazylogger v2.0.7 by eartharoid (http://leeks.js.org/logger)
    FunTickets | Log File
    Saturday, 20th February 2021, 16:29 pm (Asia/Riyadh) -->
    Node: v15.4.0 on 'Windows' | Time format: 'HH:mm:ss' | Date format: 'YYYY-MM-DD'
<-<-<================================================================================>->->


[16:29:55 | INFO] Using SQLite storage
[16:29:57 | INFO] > Lucifer Bot Loaded debug event
[16:29:57 | INFO] > Lucifer Bot Loaded error event
[16:29:57 | INFO] > Lucifer Bot Loaded message event
[16:29:57 | INFO] > Lucifer Bot Loaded messageDelete event
[16:29:57 | INFO] > Lucifer Bot Loaded messageReactionAdd event
[16:29:57 | INFO] > Lucifer Bot Loaded messageUpdate event
[16:29:57 | INFO] > Lucifer Bot Loaded rateLimit event
[16:29:57 | INFO] > Lucifer Bot Loaded ready event
[16:29:57 | INFO] > Lucifer Bot Loaded warn event
[16:29:57 | INFO] > Lucifer Bot Loaded $add command
[16:29:57 | INFO] > Lucifer Bot Loaded $close command
[16:29:57 | INFO] > Lucifer Bot Loaded $delete command
[16:29:57 | INFO] > Lucifer Bot Loaded $getback command
[16:29:57 | INFO] > Lucifer Bot Loaded $help command
[16:29:57 | INFO] > Lucifer Bot Loaded $new command
[16:29:57 | INFO] > Lucifer Bot Loaded $panel command
[16:29:57 | INFO] > Lucifer Bot Loaded $remove command
[16:29:57 | INFO] > Lucifer Bot Loaded $rename command
[16:29:57 | INFO] > Lucifer Bot Loaded $stats command
[16:29:57 | INFO] > Lucifer Bot Loaded $tickets command
[16:29:57 | INFO] > Lucifer Bot Loaded $topic command
[16:29:57 | INFO] > Lucifer Bot Loaded $transfer command
[16:29:57 | INFO] Lucifer Bot Loaded 9 events and 13 commands
[16:30:03 | INFO] Authenticated & Connected as Fun#4898
[16:30:17 | INFO] 'ADMINISTRATOR' permission has been granted

    
<-<-<================================================================================>->->
    File generated by leekslazylogger v2.0.7 by eartharoid (http://leeks.js.org/logger)
    FunTickets | Log File
    Saturday, 20th February 2021, 16:30 pm (Asia/Riyadh) -->
    Node: v15.4.0 on 'Windows' | Time format: 'HH:mm:ss' | Date format: 'YYYY-MM-DD'
<-<-<================================================================================>->->


[16:31:03 | INFO] Using SQLite storage
[16:31:21 | INFO] > Lucifer Bot Loaded debug event
[16:31:21 | INFO] > Lucifer Bot Loaded error event
[16:31:21 | INFO] > Lucifer Bot Loaded message event
[16:31:21 | INFO] > Lucifer Bot Loaded messageDelete event
[16:31:21 | INFO] > Lucifer Bot Loaded messageReactionAdd event
[16:31:21 | INFO] > Lucifer Bot Loaded messageUpdate event
[16:31:22 | INFO] > Lucifer Bot Loaded rateLimit event
[16:31:22 | INFO] > Lucifer Bot Loaded ready event
[16:31:22 | INFO] > Lucifer Bot Loaded warn event
[16:31:22 | INFO] > Lucifer Bot Loaded $add command
[16:31:22 | INFO] > Lucifer Bot Loaded $close command
[16:31:22 | INFO] > Lucifer Bot Loaded $delete command
[16:31:22 | INFO] > Lucifer Bot Loaded $getback command
[16:31:22 | INFO] > Lucifer Bot Loaded $help command
[16:31:22 | INFO] > Lucifer Bot Loaded $new command
[16:31:22 | INFO] > Lucifer Bot Loaded $panel command
[16:31:22 | INFO] > Lucifer Bot Loaded $remove command
[16:31:22 | INFO] > Lucifer Bot Loaded $rename command
[16:31:22 | INFO] > Lucifer Bot Loaded $stats command
[16:31:22 | INFO] > Lucifer Bot Loaded $tickets command
[16:31:22 | INFO] > Lucifer Bot Loaded $topic command
[16:31:22 | INFO] > Lucifer Bot Loaded $transfer command
[16:31:22 | INFO] Lucifer Bot Loaded 9 events and 13 commands
[16:31:27 | INFO] Authenticated & Connected as Fun#4898
[16:31:27 | INFO] 'ADMINISTRATOR' permission has been granted
[16:31:56 | INFO] .Lucifer#0001 used the 'help' command
[16:32:08 | INFO] !abo 3lwa#1111 used the 'help' command
[16:32:23 | INFO] !abo 3lwa#1111 used the 'panel' command
[16:32:24 | INFO] !abo 3lwa#1111 قام باضافة قائمة جديدة
[16:32:31 | INFO] !abo 3lwa#1111 إنشاء تذكرة جديدة (#تذكرة-1)
[16:32:41 | INFO] !abo 3lwa#1111 used the 'close' command
[16:32:44 | INFO] !abo 3lwa#1111 اغلقت هذي التذكرة (#505736326721699859-1)
