
    
<-<-<================================================================================>->->
    File generated by leekslazylogger v2.0.7 by eartharoid (http://leeks.js.org/logger)
    VPTickets | Log File
    Wednesday, 17th February 2021, 01:34 am (America/Los_Angeles) -->
    Node: v14.15.4 on 'Windows' | Time format: 'HH:mm:ss' | Date format: 'YYYY-MM-DD'
<-<-<================================================================================>->->


[01:34:12 | INFO] Using SQLite storage
[01:34:15 | INFO] > AnWR Bot Loaded debug event
[01:34:15 | INFO] > AnWR Bot Loaded error event
[01:34:15 | INFO] > AnWR Bot Loaded message event
[01:34:15 | INFO] > AnWR Bot Loaded messageDelete event
[01:34:15 | INFO] > AnWR Bot Loaded messageReactionAdd event
[01:34:15 | INFO] > AnWR Bot Loaded messageUpdate event
[01:34:15 | INFO] > AnWR Bot Loaded rateLimit event
[01:34:15 | INFO] > AnWR Bot Loaded ready event
[01:34:15 | INFO] > AnWR Bot Loaded warn event
[01:34:15 | INFO] > AnWR Bot Loaded $add command
[01:34:16 | INFO] > AnWR Bot Loaded $close command
[01:34:16 | INFO] > AnWR Bot Loaded $delete command
[01:34:16 | INFO] > AnWR Bot Loaded $getback command
[01:34:16 | INFO] > AnWR Bot Loaded $help command
[01:34:16 | INFO] > AnWR Bot Loaded $new command
[01:34:16 | INFO] > AnWR Bot Loaded $panel command
[01:34:16 | INFO] > AnWR Bot Loaded $remove command
[01:34:16 | INFO] > AnWR Bot Loaded $rename command
[01:34:16 | INFO] > AnWR Bot Loaded $stats command
[01:34:16 | INFO] > AnWR Bot Loaded $tickets command
[01:34:16 | INFO] > AnWR Bot Loaded $topic command
[01:34:16 | INFO] > AnWR Bot Loaded $transfer command
[01:34:16 | INFO] AnWR Bot Loaded 9 events and 13 commands
[01:34:17 | INFO] Authenticated & Connected as VP Tickets#9215
[01:34:18 | INFO] 'ADMINISTRATOR' permission has been granted
[01:34:26 | INFO] ALK3BI#0542 إنشاء تذكرة جديدة (#تذكرة-65)
[01:51:40 | INFO] AnWR#0707 used the 'close' command
[01:51:42 | INFO] AnWR#0707 اغلقت هذي التذكرة (#633717934488813581-63)
[01:51:42 | WARN] Error 404
[01:51:42 | WARN] 404 DiscordAPIError: Cannot send messages to this user
[01:51:42 | ERROR] DiscordAPIError: Cannot send messages to this user
    at RequestHandler.execute (C:\AW\node_modules\discord.js\src\rest\RequestHandler.js:154:13)
    at processTicksAndRejections (internal/process/task_queues.js:93:5)
    at async RequestHandler.push (C:\AW\node_modules\discord.js\src\rest\RequestHandler.js:39:14)
[01:51:45 | INFO] AnWR#0707 used the 'close' command
[01:51:47 | INFO] AnWR#0707 اغلقت هذي التذكرة (#709074719730827287-64)
