
    
<-<-<================================================================================>->->
    File generated by leekslazylogger v2.0.7 by eartharoid (http://leeks.js.org/logger)
    VPTickets | Log File
    Thursday, 18th February 2021, 06:02 am (America/Los_Angeles) -->
    Node: v14.15.4 on 'Windows' | Time format: 'HH:mm:ss' | Date format: 'YYYY-MM-DD'
<-<-<================================================================================>->->


[06:02:02 | INFO] Using SQLite storage
[06:02:03 | INFO] > AnWR Bot Loaded debug event
[06:02:03 | INFO] > AnWR Bot Loaded error event
[06:02:03 | INFO] > AnWR Bot Loaded message event
[06:02:03 | INFO] > AnWR Bot Loaded messageDelete event
[06:02:03 | INFO] > AnWR Bot Loaded messageReactionAdd event
[06:02:03 | INFO] > AnWR Bot Loaded messageUpdate event
[06:02:03 | INFO] > AnWR Bot Loaded rateLimit event
[06:02:03 | INFO] > AnWR Bot Loaded ready event
[06:02:03 | INFO] > AnWR Bot Loaded warn event
[06:02:03 | INFO] > AnWR Bot Loaded $add command
[06:02:03 | INFO] > AnWR Bot Loaded $close command
[06:02:03 | INFO] > AnWR Bot Loaded $delete command
[06:02:03 | INFO] > AnWR Bot Loaded $getback command
[06:02:03 | INFO] > AnWR Bot Loaded $help command
[06:02:03 | INFO] > AnWR Bot Loaded $new command
[06:02:04 | INFO] > AnWR Bot Loaded $panel command
[06:02:04 | INFO] > AnWR Bot Loaded $remove command
[06:02:04 | INFO] > AnWR Bot Loaded $rename command
[06:02:04 | INFO] > AnWR Bot Loaded $stats command
[06:02:04 | INFO] > AnWR Bot Loaded $tickets command
[06:02:04 | INFO] > AnWR Bot Loaded $topic command
[06:02:04 | INFO] > AnWR Bot Loaded $transfer command
[06:02:04 | INFO] AnWR Bot Loaded 9 events and 13 commands
[06:02:05 | INFO] Authenticated & Connected as VP Tickets#9215
[06:02:05 | INFO] 'ADMINISTRATOR' permission has been granted
[06:03:25 | INFO] AnWR#0707 used the 'help' command
[06:03:45 | INFO] AnWR#0707 used the 'panel' command
[06:03:46 | INFO] AnWR#0707 قام باضافة قائمة جديدة
[06:03:55 | INFO] .Lucifer#0001 إنشاء تذكرة جديدة (#تذكرة-1)
[06:05:50 | INFO] AnWR#0707 used the 'close' command
[06:05:53 | INFO] AnWR#0707 اغلقت هذي التذكرة (#556117178601177088-1)
[06:08:29 | INFO] AnWR#0707 used the 'panel' command
[06:08:30 | INFO] AnWR#0707 قام باضافة قائمة جديدة
[06:08:30 | INFO] تمت ازالة القديمة

    
<-<-<================================================================================>->->
    File generated by leekslazylogger v2.0.7 by eartharoid (http://leeks.js.org/logger)
    VPTickets | Log File
    Thursday, 18th February 2021, 06:10 am (America/Los_Angeles) -->
    Node: v14.15.4 on 'Windows' | Time format: 'HH:mm:ss' | Date format: 'YYYY-MM-DD'
<-<-<================================================================================>->->


[06:10:33 | INFO] Using SQLite storage
[06:10:34 | INFO] > AnWR Bot Loaded debug event
[06:10:34 | INFO] > AnWR Bot Loaded error event
[06:10:34 | INFO] > AnWR Bot Loaded message event
[06:10:34 | INFO] > AnWR Bot Loaded messageDelete event
[06:10:34 | INFO] > AnWR Bot Loaded messageReactionAdd event
[06:10:34 | INFO] > AnWR Bot Loaded messageUpdate event
[06:10:34 | INFO] > AnWR Bot Loaded rateLimit event
[06:10:34 | INFO] > AnWR Bot Loaded ready event
[06:10:34 | INFO] > AnWR Bot Loaded warn event
[06:10:34 | INFO] > AnWR Bot Loaded $add command
[06:10:34 | INFO] > AnWR Bot Loaded $close command
[06:10:34 | INFO] > AnWR Bot Loaded $delete command
[06:10:34 | INFO] > AnWR Bot Loaded $getback command
[06:10:35 | INFO] > AnWR Bot Loaded $help command
[06:10:35 | INFO] > AnWR Bot Loaded $new command
[06:10:35 | INFO] > AnWR Bot Loaded $panel command
[06:10:35 | INFO] > AnWR Bot Loaded $remove command
[06:10:35 | INFO] > AnWR Bot Loaded $rename command
[06:10:35 | INFO] > AnWR Bot Loaded $stats command
[06:10:35 | INFO] > AnWR Bot Loaded $tickets command
[06:10:35 | INFO] > AnWR Bot Loaded $topic command
[06:10:35 | INFO] > AnWR Bot Loaded $transfer command
[06:10:35 | INFO] AnWR Bot Loaded 9 events and 13 commands
[06:10:36 | INFO] Authenticated & Connected as VP Tickets#9215
[06:10:36 | INFO] 'ADMINISTRATOR' permission has been granted
[06:11:00 | INFO] AnWR#0707 used the 'panel' command
[06:11:00 | INFO] تمت ازالة القديمة
[06:11:00 | INFO] AnWR#0707 قام باضافة قائمة جديدة
[06:15:08 | INFO] !abo 3lwa#1111 إنشاء تذكرة جديدة (#تذكرة-2)
[06:15:47 | INFO] .Lucifer#0001 used the 'close' command
[06:15:54 | INFO] .Lucifer#0001 اغلقت هذي التذكرة (#505736326721699859-2)

    
<-<-<================================================================================>->->
    File generated by leekslazylogger v2.0.7 by eartharoid (http://leeks.js.org/logger)
    VPTickets | Log File
    Thursday, 18th February 2021, 06:18 am (America/Los_Angeles) -->
    Node: v14.15.4 on 'Windows' | Time format: 'HH:mm:ss' | Date format: 'YYYY-MM-DD'
<-<-<================================================================================>->->


[06:18:51 | INFO] Using SQLite storage
[06:18:52 | INFO] > AnWR Bot Loaded debug event
[06:18:52 | INFO] > AnWR Bot Loaded error event
[06:18:52 | INFO] > AnWR Bot Loaded message event
[06:18:52 | INFO] > AnWR Bot Loaded messageDelete event
[06:18:52 | INFO] > AnWR Bot Loaded messageReactionAdd event
[06:18:52 | INFO] > AnWR Bot Loaded messageUpdate event
[06:18:52 | INFO] > AnWR Bot Loaded rateLimit event
[06:18:52 | INFO] > AnWR Bot Loaded ready event
[06:18:52 | INFO] > AnWR Bot Loaded warn event
[06:18:52 | INFO] > AnWR Bot Loaded $add command
[06:18:52 | INFO] > AnWR Bot Loaded $close command
[06:18:52 | INFO] > AnWR Bot Loaded $delete command
[06:18:52 | INFO] > AnWR Bot Loaded $getback command
[06:18:52 | INFO] > AnWR Bot Loaded $help command
[06:18:52 | INFO] > AnWR Bot Loaded $new command
[06:18:52 | INFO] > AnWR Bot Loaded $panel command
[06:18:52 | INFO] > AnWR Bot Loaded $remove command
[06:18:52 | INFO] > AnWR Bot Loaded $rename command
[06:18:52 | INFO] > AnWR Bot Loaded $stats command
[06:18:52 | INFO] > AnWR Bot Loaded $tickets command
[06:18:53 | INFO] > AnWR Bot Loaded $topic command
[06:18:53 | INFO] > AnWR Bot Loaded $transfer command
[06:18:53 | INFO] AnWR Bot Loaded 9 events and 13 commands
[06:18:54 | INFO] Authenticated & Connected as VP Tickets#9215
[06:18:54 | INFO] 'ADMINISTRATOR' permission has been granted
[06:19:00 | INFO] .Lucifer#0001 used the 'close' command
[06:19:12 | INFO] .Lucifer#0001 used the 'new' command
[06:19:14 | INFO] .Lucifer#0001 انشاء تذكرة جديدة (#تذكرة-3)
[06:19:28 | WARN] Error 404
[06:19:28 | WARN] 404 DiscordAPIError: Unknown Message
[06:19:28 | ERROR] DiscordAPIError: Unknown Message
    at RequestHandler.execute (C:\Lucifer Bot\node_modules\discord.js\src\rest\RequestHandler.js:154:13)
    at processTicksAndRejections (internal/process/task_queues.js:93:5)
    at async RequestHandler.push (C:\Lucifer Bot\node_modules\discord.js\src\rest\RequestHandler.js:39:14)
    at async MessageManager.delete (C:\Lucifer Bot\node_modules\discord.js\src\managers\MessageManager.js:126:5)
    at async Timeout._onTimeout (C:\Lucifer Bot\src\commands\new.js:126:5)
[06:19:51 | INFO] !abo 3lwa#1111 used the 'help' command
[06:20:19 | INFO] !abo 3lwa#1111 used the 'getback' command
[06:20:29 | INFO] !abo 3lwa#1111 used the 'getback' command
[06:20:45 | INFO] !abo 3lwa#1111 إنشاء تذكرة جديدة (#تذكرة-4)
[06:20:46 | INFO] AnWR#0707 used the 'close' command
[06:21:58 | INFO] .Lucifer#0001 إنشاء تذكرة جديدة (#تذكرة-5)
[06:22:13 | INFO] !abo 3lwa#1111 used the 'close' command
[06:22:17 | INFO] !abo 3lwa#1111 اغلقت هذي التذكرة (#556117178601177088-3)

    
<-<-<================================================================================>->->
    File generated by leekslazylogger v2.0.7 by eartharoid (http://leeks.js.org/logger)
    FunTickets | Log File
    Thursday, 18th February 2021, 07:12 am (America/Los_Angeles) -->
    Node: v14.15.4 on 'Windows' | Time format: 'HH:mm:ss' | Date format: 'YYYY-MM-DD'
<-<-<================================================================================>->->


[07:12:28 | INFO] Using SQLite storage
[07:12:28 | INFO] > AnWR Bot Loaded debug event
[07:12:28 | INFO] > AnWR Bot Loaded error event
[07:12:28 | INFO] > AnWR Bot Loaded message event
[07:12:28 | INFO] > AnWR Bot Loaded messageDelete event
[07:12:28 | INFO] > AnWR Bot Loaded messageReactionAdd event
[07:12:28 | INFO] > AnWR Bot Loaded messageUpdate event
[07:12:28 | INFO] > AnWR Bot Loaded rateLimit event
[07:12:28 | INFO] > AnWR Bot Loaded ready event
[07:12:28 | INFO] > AnWR Bot Loaded warn event
[07:12:28 | INFO] > AnWR Bot Loaded $add command
[07:12:29 | INFO] > AnWR Bot Loaded $close command
[07:12:29 | INFO] > AnWR Bot Loaded $delete command
[07:12:29 | INFO] > AnWR Bot Loaded $getback command
[07:12:29 | INFO] > AnWR Bot Loaded $help command
[07:12:29 | INFO] > AnWR Bot Loaded $new command
[07:12:29 | INFO] > AnWR Bot Loaded $panel command
[07:12:29 | INFO] > AnWR Bot Loaded $remove command
[07:12:29 | INFO] > AnWR Bot Loaded $rename command
[07:12:29 | INFO] > AnWR Bot Loaded $stats command
[07:12:29 | INFO] > AnWR Bot Loaded $tickets command
[07:12:29 | INFO] > AnWR Bot Loaded $topic command
[07:12:29 | INFO] > AnWR Bot Loaded $transfer command
[07:12:29 | INFO] AnWR Bot Loaded 9 events and 13 commands
[07:12:30 | INFO] Authenticated & Connected as Fun#4898
[07:12:30 | WARN] AnWR Bot does not have 'ADMINISTRATOR' permission
[07:13:34 | INFO] !abo 3lwa#1111 used the 'help' command
[07:16:05 | INFO] !abo 3lwa#1111 used the 'new' command
[07:16:19 | INFO] !abo 3lwa#1111 انشاء تذكرة جديدة (#تذكرة-1)
[07:18:04 | INFO] .Lucifer#0001 used the 'close' command
[07:18:07 | INFO] !abo 3lwa#1111 used the 'panel' command
[07:18:08 | INFO] !abo 3lwa#1111 قام باضافة قائمة جديدة
[07:18:10 | INFO] .Lucifer#0001 اغلقت هذي التذكرة (#505736326721699859-1)
[07:18:10 | WARN] Error 404
[07:18:10 | WARN] 404 DiscordAPIError: Missing Permissions
[07:18:10 | ERROR] DiscordAPIError: Missing Permissions
    at RequestHandler.execute (C:\Lucifer Bot\node_modules\discord.js\src\rest\RequestHandler.js:154:13)
    at processTicksAndRejections (internal/process/task_queues.js:93:5)
    at async RequestHandler.push (C:\Lucifer Bot\node_modules\discord.js\src\rest\RequestHandler.js:39:14)
[07:18:15 | WARN] Error 404
[07:18:15 | WARN] 404 DiscordAPIError: Missing Permissions
[07:18:15 | ERROR] DiscordAPIError: Missing Permissions
    at RequestHandler.execute (C:\Lucifer Bot\node_modules\discord.js\src\rest\RequestHandler.js:154:13)
    at processTicksAndRejections (internal/process/task_queues.js:93:5)
    at async RequestHandler.push (C:\Lucifer Bot\node_modules\discord.js\src\rest\RequestHandler.js:39:14)
[07:18:31 | INFO] AnWR#0707 إنشاء تذكرة جديدة (#تذكرة-3)
[07:18:34 | INFO] Rahaf#8888 إنشاء تذكرة جديدة (#تذكرة-2)
[07:18:44 | INFO] AnWR#0707 used the 'close' command
[07:18:46 | WARN] Error 404
[07:18:46 | WARN] 404 DiscordAPIError: Missing Permissions
[07:18:46 | ERROR] DiscordAPIError: Missing Permissions
    at RequestHandler.execute (C:\Lucifer Bot\node_modules\discord.js\src\rest\RequestHandler.js:154:13)
    at processTicksAndRejections (internal/process/task_queues.js:93:5)
    at async RequestHandler.push (C:\Lucifer Bot\node_modules\discord.js\src\rest\RequestHandler.js:39:14)
[07:18:46 | INFO] AnWR#0707 اغلقت هذي التذكرة (#477631881173532733-3)
[07:18:51 | WARN] Error 404
[07:18:51 | WARN] 404 DiscordAPIError: Missing Permissions
[07:18:51 | ERROR] DiscordAPIError: Missing Permissions
    at RequestHandler.execute (C:\Lucifer Bot\node_modules\discord.js\src\rest\RequestHandler.js:154:13)
    at processTicksAndRejections (internal/process/task_queues.js:93:5)
    at async RequestHandler.push (C:\Lucifer Bot\node_modules\discord.js\src\rest\RequestHandler.js:39:14)
[07:19:00 | INFO] AnWR#0707 اغلقت هذي التذكرة (#477631881173532733-3)
[07:19:00 | WARN] Error 404
[07:19:00 | WARN] 404 DiscordAPIError: Missing Permissions
[07:19:00 | ERROR] DiscordAPIError: Missing Permissions
    at RequestHandler.execute (C:\Lucifer Bot\node_modules\discord.js\src\rest\RequestHandler.js:154:13)
    at processTicksAndRejections (internal/process/task_queues.js:93:5)
    at async RequestHandler.push (C:\Lucifer Bot\node_modules\discord.js\src\rest\RequestHandler.js:39:14)
[07:19:04 | INFO] .Lucifer#0001 used the 'close' command
[07:19:05 | WARN] Error 404
[07:19:05 | WARN] 404 DiscordAPIError: Missing Permissions
[07:19:05 | ERROR] DiscordAPIError: Missing Permissions
    at RequestHandler.execute (C:\Lucifer Bot\node_modules\discord.js\src\rest\RequestHandler.js:154:13)
    at processTicksAndRejections (internal/process/task_queues.js:93:5)
    at async RequestHandler.push (C:\Lucifer Bot\node_modules\discord.js\src\rest\RequestHandler.js:39:14)
[07:19:20 | WARN] Error 404
[07:19:20 | WARN] 404 DiscordAPIError: Missing Permissions
[07:19:20 | ERROR] DiscordAPIError: Missing Permissions
    at RequestHandler.execute (C:\Lucifer Bot\node_modules\discord.js\src\rest\RequestHandler.js:154:13)
    at processTicksAndRejections (internal/process/task_queues.js:93:5)
    at async RequestHandler.push (C:\Lucifer Bot\node_modules\discord.js\src\rest\RequestHandler.js:39:14)
[07:19:30 | WARN] Error 404
[07:19:30 | WARN] 404 DiscordAPIError: Missing Permissions
[07:19:30 | ERROR] DiscordAPIError: Missing Permissions
    at RequestHandler.execute (C:\Lucifer Bot\node_modules\discord.js\src\rest\RequestHandler.js:154:13)
    at processTicksAndRejections (internal/process/task_queues.js:93:5)
    at async RequestHandler.push (C:\Lucifer Bot\node_modules\discord.js\src\rest\RequestHandler.js:39:14)
    at async MessageManager.delete (C:\Lucifer Bot\node_modules\discord.js\src\managers\MessageManager.js:126:5)
[07:19:54 | INFO] Rahaf#8888 used the 'delete' command
[07:19:56 | INFO] Rahaf#8888 حذف تذكرة (#تذكرة-2)
[07:19:56 | WARN] Error 404
[07:19:56 | WARN] 404 DiscordAPIError: Missing Permissions
[07:19:56 | ERROR] DiscordAPIError: Missing Permissions
    at RequestHandler.execute (C:\Lucifer Bot\node_modules\discord.js\src\rest\RequestHandler.js:154:13)
    at processTicksAndRejections (internal/process/task_queues.js:93:5)
    at async RequestHandler.push (C:\Lucifer Bot\node_modules\discord.js\src\rest\RequestHandler.js:39:14)
[07:20:01 | WARN] Error 404
[07:20:01 | WARN] 404 DiscordAPIError: Missing Permissions
[07:20:01 | ERROR] DiscordAPIError: Missing Permissions
    at RequestHandler.execute (C:\Lucifer Bot\node_modules\discord.js\src\rest\RequestHandler.js:154:13)
    at processTicksAndRejections (internal/process/task_queues.js:93:5)
    at async RequestHandler.push (C:\Lucifer Bot\node_modules\discord.js\src\rest\RequestHandler.js:39:14)
[07:20:11 | INFO] AnWR#0707 used the 'close' command
[07:20:17 | INFO] AnWR#0707 used the 'close' command
[07:20:23 | WARN] [AnWR]! (Enable debug mode in config for details)
[07:20:23 | INFO] AnWR#0707 إنشاء تذكرة جديدة (#تذكرة-4)
[07:20:25 | INFO] AnWR#0707 اغلقت هذي التذكرة (#477631881173532733-4)
[07:20:26 | WARN] Error 404
[07:20:26 | WARN] 404 DiscordAPIError: Missing Permissions
[07:20:26 | ERROR] DiscordAPIError: Missing Permissions
    at RequestHandler.execute (C:\Lucifer Bot\node_modules\discord.js\src\rest\RequestHandler.js:154:13)
    at processTicksAndRejections (internal/process/task_queues.js:93:5)
    at async RequestHandler.push (C:\Lucifer Bot\node_modules\discord.js\src\rest\RequestHandler.js:39:14)
[07:20:29 | INFO] AnWR#0707 اغلقت هذي التذكرة (#477631881173532733-4)
[07:20:30 | WARN] Error 404
[07:20:30 | WARN] 404 DiscordAPIError: Missing Permissions
[07:20:30 | ERROR] DiscordAPIError: Missing Permissions
    at RequestHandler.execute (C:\Lucifer Bot\node_modules\discord.js\src\rest\RequestHandler.js:154:13)
    at processTicksAndRejections (internal/process/task_queues.js:93:5)
    at async RequestHandler.push (C:\Lucifer Bot\node_modules\discord.js\src\rest\RequestHandler.js:39:14)
[07:20:30 | WARN] Error 404
[07:20:30 | WARN] 404 DiscordAPIError: Missing Permissions
[07:20:31 | ERROR] DiscordAPIError: Missing Permissions
    at RequestHandler.execute (C:\Lucifer Bot\node_modules\discord.js\src\rest\RequestHandler.js:154:13)
    at processTicksAndRejections (internal/process/task_queues.js:93:5)
    at async RequestHandler.push (C:\Lucifer Bot\node_modules\discord.js\src\rest\RequestHandler.js:39:14)
[07:20:34 | WARN] Error 404
[07:20:34 | WARN] 404 DiscordAPIError: Missing Permissions
[07:20:34 | ERROR] DiscordAPIError: Missing Permissions
    at RequestHandler.execute (C:\Lucifer Bot\node_modules\discord.js\src\rest\RequestHandler.js:154:13)
    at processTicksAndRejections (internal/process/task_queues.js:93:5)
    at async RequestHandler.push (C:\Lucifer Bot\node_modules\discord.js\src\rest\RequestHandler.js:39:14)
[07:20:37 | INFO] .Lucifer#0001 used the 'help' command
[07:20:44 | INFO] .Lucifer#0001 used the 'delete' command
[07:20:47 | INFO] .Lucifer#0001 حذف تذكرة (#تذكرة-3)
[07:20:47 | WARN] Error 404
[07:20:47 | WARN] 404 DiscordAPIError: Missing Permissions
[07:20:47 | ERROR] DiscordAPIError: Missing Permissions
    at RequestHandler.execute (C:\Lucifer Bot\node_modules\discord.js\src\rest\RequestHandler.js:154:13)
    at runMicrotasks (<anonymous>)
    at processTicksAndRejections (internal/process/task_queues.js:93:5)
    at async RequestHandler.push (C:\Lucifer Bot\node_modules\discord.js\src\rest\RequestHandler.js:39:14)
[07:20:52 | WARN] Error 404
[07:20:52 | WARN] 404 DiscordAPIError: Missing Permissions
[07:20:52 | ERROR] DiscordAPIError: Missing Permissions
    at RequestHandler.execute (C:\Lucifer Bot\node_modules\discord.js\src\rest\RequestHandler.js:154:13)
    at runMicrotasks (<anonymous>)
    at processTicksAndRejections (internal/process/task_queues.js:93:5)
    at async RequestHandler.push (C:\Lucifer Bot\node_modules\discord.js\src\rest\RequestHandler.js:39:14)
[07:20:56 | INFO] .Lucifer#0001 used the 'delete' command
[07:21:03 | INFO] .Lucifer#0001 حذف تذكرة (#تذكرة-4)
[07:21:04 | WARN] Error 404
[07:21:04 | WARN] 404 DiscordAPIError: Missing Permissions
[07:21:04 | ERROR] DiscordAPIError: Missing Permissions
    at RequestHandler.execute (C:\Lucifer Bot\node_modules\discord.js\src\rest\RequestHandler.js:154:13)
    at runMicrotasks (<anonymous>)
    at processTicksAndRejections (internal/process/task_queues.js:93:5)
    at async RequestHandler.push (C:\Lucifer Bot\node_modules\discord.js\src\rest\RequestHandler.js:39:14)
[07:21:09 | WARN] Error 404
[07:21:09 | WARN] 404 DiscordAPIError: Missing Permissions
[07:21:09 | ERROR] DiscordAPIError: Missing Permissions
    at RequestHandler.execute (C:\Lucifer Bot\node_modules\discord.js\src\rest\RequestHandler.js:154:13)
    at runMicrotasks (<anonymous>)
    at processTicksAndRejections (internal/process/task_queues.js:93:5)
    at async RequestHandler.push (C:\Lucifer Bot\node_modules\discord.js\src\rest\RequestHandler.js:39:14)
[07:22:43 | INFO] .Lucifer#0001 إنشاء تذكرة جديدة (#تذكرة-5)
[07:23:07 | INFO] !abo 3lwa#1111 used the 'close' command
[07:23:19 | INFO] !abo 3lwa#1111 used the 'close' command
[07:23:21 | INFO] !abo 3lwa#1111 اغلقت هذي التذكرة (#556117178601177088-5)
[07:23:21 | WARN] Error 404
[07:23:21 | WARN] 404 DiscordAPIError: Missing Permissions
[07:23:21 | ERROR] DiscordAPIError: Missing Permissions
    at RequestHandler.execute (C:\Lucifer Bot\node_modules\discord.js\src\rest\RequestHandler.js:154:13)
    at runMicrotasks (<anonymous>)
    at processTicksAndRejections (internal/process/task_queues.js:93:5)
    at async RequestHandler.push (C:\Lucifer Bot\node_modules\discord.js\src\rest\RequestHandler.js:39:14)
[07:23:26 | WARN] Error 404
[07:23:26 | WARN] 404 DiscordAPIError: Missing Permissions
[07:23:26 | ERROR] DiscordAPIError: Missing Permissions
    at RequestHandler.execute (C:\Lucifer Bot\node_modules\discord.js\src\rest\RequestHandler.js:154:13)
    at runMicrotasks (<anonymous>)
    at processTicksAndRejections (internal/process/task_queues.js:93:5)
    at async RequestHandler.push (C:\Lucifer Bot\node_modules\discord.js\src\rest\RequestHandler.js:39:14)
[07:24:10 | INFO] .Lucifer#0001 used the 'delete' command
[07:24:20 | INFO] .Lucifer#0001 حذف تذكرة (#تذكرة-5)
[07:24:20 | WARN] Error 404
[07:24:20 | WARN] 404 DiscordAPIError: Missing Permissions
[07:24:20 | ERROR] DiscordAPIError: Missing Permissions
    at RequestHandler.execute (C:\Lucifer Bot\node_modules\discord.js\src\rest\RequestHandler.js:154:13)
    at runMicrotasks (<anonymous>)
    at processTicksAndRejections (internal/process/task_queues.js:93:5)
    at async RequestHandler.push (C:\Lucifer Bot\node_modules\discord.js\src\rest\RequestHandler.js:39:14)
[07:24:25 | WARN] Error 404
[07:24:25 | WARN] 404 DiscordAPIError: Missing Permissions
[07:24:25 | ERROR] DiscordAPIError: Missing Permissions
    at RequestHandler.execute (C:\Lucifer Bot\node_modules\discord.js\src\rest\RequestHandler.js:154:13)
    at runMicrotasks (<anonymous>)
    at processTicksAndRejections (internal/process/task_queues.js:93:5)
    at async RequestHandler.push (C:\Lucifer Bot\node_modules\discord.js\src\rest\RequestHandler.js:39:14)
[07:25:14 | INFO] !abo 3lwa#1111 إنشاء تذكرة جديدة (#تذكرة-6)
[07:25:18 | INFO] ٌL O S T#1111 إنشاء تذكرة جديدة (#تذكرة-7)
[07:25:37 | INFO] !abo 3lwa#1111 used the 'close' command
[07:25:39 | INFO] !abo 3lwa#1111 اغلقت هذي التذكرة (#505736326721699859-6)
[07:27:10 | INFO] !abo 3lwa#1111 used the 'close' command
[07:27:13 | INFO] !abo 3lwa#1111 إنشاء تذكرة جديدة (#تذكرة-8)
[07:27:15 | INFO] !abo 3lwa#1111 اغلقت هذي التذكرة (#505736326721699859-8)
